Oct 08, 2025 6:31:49.114672000 P.M. comp512st.tests.TreasureIslandAppAuto main INFO: Started with arguments : [localhost:9999, localhost:9999, game1, 1, 0, 1, 10, seed]
Oct 08, 2025 6:31:49.123127000 P.M. comp512.utils.FailCheck <init> INFO: Initializing failure check emulation setup....
Oct 08, 2025 6:31:49.146947000 P.M. comp512.gcl.GCL <init> INFO: Host localhost/127.0.0.1:9999
Oct 08, 2025 6:31:49.147353000 P.M. comp512.gcl.GCL <init> INFO: Initializing outbox despatcher threads.
Oct 08, 2025 6:31:49.148114000 P.M. comp512.gcl.GCL$GCLOutBoxDespatcher run INFO: localhost:9999: Starting outbox despatch thread for process.
Oct 08, 2025 6:31:49.149793000 P.M. comp512.ti.TreasureIsland <init> WARNING: Invalid player number 0 specified. Defaulting to player 1.
Oct 08, 2025 6:31:49.151540000 P.M. comp512.ti.TreasureIsland <init> INFO: Treasure Island initialized.
Oct 08, 2025 6:31:49.156856000 P.M. comp512st.tests.TreasureIslandAppAuto$AutoMoveGenerator <init> INFO: AutoMoveGenerator setup maxmoves = 1, interval = 10, randseed = seed, failmode = null
Oct 08, 2025 6:31:49.157182000 P.M. comp512st.tests.TreasureIslandAppAuto$AutoMoveGenerator nextMove FINE: moveid = 4
Oct 08, 2025 6:31:49.157540000 P.M. comp512st.tests.TreasureIslandAppAuto main FINE: cmd is : U
Oct 08, 2025 6:31:49.158079000 P.M. comp512.gcl.GCL broadcastMsg FINE: Broadcast message request received. Translating to point-to-point messages : [Ljava.lang.Object;@2957fcb0
Oct 08, 2025 6:31:49.158334000 P.M. comp512.gcl.GCL sendMsg FINE: Request received to send message to localhost:9999. [Ljava.lang.Object;@2957fcb0
Oct 08, 2025 6:31:49.158768000 P.M. comp512st.tests.TreasureIslandAppAuto$AutoMoveGenerator nextMove FINE: moveid = 18
Oct 08, 2025 6:31:49.161045000 P.M. comp512.gcl.GCL$InboxListener run INFO: Network connection request from  /127.0.0.1
Oct 08, 2025 6:31:49.165589000 P.M. comp512.gcl.GCL$GCLOutBoxDespatcher run FINE: localhost:9999: Sending message to. message: [senderProcess:localhost:9999:val:[Ljava.lang.Object;@2957fcb0]
Oct 08, 2025 6:31:49.165871000 P.M. comp512.gcl.GCL$InboxListener run INFO: localhost:9999: Input stream set up for this process to receive incoming messages. Inet: /127.0.0.1
Oct 08, 2025 6:31:49.166216000 P.M. comp512.gcl.GCL$GCLInbox run INFO: localhost:9999: Starting an inBox thread to receive messages from this process.
Oct 08, 2025 6:31:49.170337000 P.M. comp512st.tests.TreasureIslandAppAuto main FINE: cmd is : E
Oct 08, 2025 6:31:49.170644000 P.M. comp512st.tests.TreasureIslandAppAuto main INFO: Done with all my moves ...
Oct 08, 2025 6:31:49.185910000 P.M. comp512.gcl.GCL$GCLInbox run FINE: localhost:9999: Received a message from. message: [senderProcess:localhost:9999:val:[Ljava.lang.Object;@4bdbc26c]
Oct 08, 2025 6:31:49.186404000 P.M. comp512.gcl.GCL readGCMessage INFO: Delivering message : [senderProcess:localhost:9999:val:[Ljava.lang.Object;@4bdbc26c]
Oct 08, 2025 6:31:49.186579000 P.M. comp512st.tests.TreasureIslandAppAuto run FINE: Received :[0, U]
Oct 08, 2025 6:31:49.186989000 P.M. comp512.ti.TreasureIsland move INFO: Move request: player number 0 direction U
Oct 08, 2025 6:31:49.187242000 P.M. comp512.ti.TreasureIsland move WARNING: Not a valid player 0
Oct 08, 2025 6:31:55.181389000 P.M. comp512st.tests.TreasureIslandAppAuto main INFO: Shutting down Paxos
Oct 08, 2025 6:31:55.182984000 P.M. comp512.gcl.GCL shutdownGCL INFO: GCL Shutdown request received.
Oct 08, 2025 6:31:55.183341000 P.M. comp512.gcl.GCL$InboxListener shutdown INFO: Received request to shutdown GCL Inbox listener thread.
Oct 08, 2025 6:31:55.188111000 P.M. comp512.gcl.GCL$InboxListener run INFO: GCL Inbox listener is now shutdown. We will not be accepting new incoming connections anymore.
Oct 08, 2025 6:31:55.189067000 P.M. comp512.gcl.GCL shutdownGCL INFO: Inbox listener thread is now shutdown.
Oct 08, 2025 6:31:55.189540000 P.M. comp512.gcl.GCL shutdownGCL INFO: Initiating broadcast of CLOSE message to all my outbound connections.
Oct 08, 2025 6:31:55.190137000 P.M. comp512.gcl.GCL$GCLOutBoxDespatcher run FINE: localhost:9999: Sending message to. message: [senderProcess:CLOSE:val:null]
Oct 08, 2025 6:31:55.190462000 P.M. comp512.gcl.GCL$GCLOutBoxDespatcher shutdown INFO: localhost:9999: Request initiated to shutdown the message despatcher thread for this process. The thread is currently alive.
Oct 08, 2025 6:31:55.190972000 P.M. comp512.gcl.GCL$GCLOutBoxDespatcher run INFO: localhost:9999: Detected CLOSE marker in the outgoing message. I am shutting down after this.
Oct 08, 2025 6:31:55.191222000 P.M. comp512.gcl.GCL$GCLInbox run FINE: localhost:9999: Received a message from. message: [senderProcess:CLOSE:val:null]
Oct 08, 2025 6:31:55.191791000 P.M. comp512.gcl.GCL$GCLInbox run INFO: localhost:9999: Is closing connection. I will not get anymore messages from them.
Oct 08, 2025 6:31:55.193214000 P.M. comp512.gcl.GCL$GCLOutBoxDespatcher run INFO: localhost:9999: Message despatch thread to the process is now shutdown. No more messages will be sent to that process.
Oct 08, 2025 6:31:55.193260000 P.M. comp512.gcl.GCL$GCLInbox run INFO: localhost:9999: Closed incoming connection from this process. The inBox thread is shutdown.
Oct 08, 2025 6:31:55.397020000 P.M. comp512.gcl.GCL shutdownGCL INFO: localhost:9999: GCL outbox despatcher thread for this process is now shutdown.
Oct 08, 2025 6:31:55.398599000 P.M. comp512.gcl.GCL$GCLInbox shutdown INFO: localhost:9999: Requesting shutdown for GCL message inbox thread from this process. This thread is currently not alive.
Oct 08, 2025 6:31:55.399055000 P.M. comp512.gcl.GCL$GCLInbox shutdown INFO: localhost:9999: This thread has already terminated.
Oct 08, 2025 6:31:55.408988000 P.M. comp512.gcl.GCL shutdownGCL INFO: localhost:9999: GCL inbox thread for this proess is now shutdown.
Oct 08, 2025 6:31:55.409739000 P.M. comp512.gcl.GCL readGCMessage INFO: GCL is being shutdown. No more messages will be delivered. Reader will be interrupted.
Oct 08, 2025 6:31:55.413086000 P.M. comp512st.tests.TreasureIslandAppAuto main INFO: Process terminated.
